#
# A fatal error has been detected by the Java Runtime Environment:
#
#  EXCEPTION_IN_PAGE_ERROR (0xc0000006) at pc=0x00007ff9d30782b0, pid=5956, tid=10028
#
# JRE version: OpenJDK Runtime Environment AdoptOpenJDK (11.0.9.1+1) (build 11.0.9.1+1)
# Java VM: OpenJDK 64-Bit Server VM AdoptOpenJDK (11.0.9.1+1, mixed mode, tiered, compressed oops, parallel gc, windows-amd64)
# Problematic frame:
# V  [jvm.dll+0x6382b0]
#
# No core dump will be written. Minidumps are not enabled by default on client versions of Windows
#
# If you would like to submit a bug report, please visit:
#   https://github.com/AdoptOpenJDK/openjdk-support/issues
#

---------------  S U M M A R Y ------------

Command Line: --add-modules=ALL-SYSTEM --add-opens=java.base/java.util=ALL-UNNAMED --add-opens=java.base/java.lang=ALL-UNNAMED -Declipse.application=org.eclipse.jdt.ls.core.id1 -Dosgi.bundles.defaultStartLevel=4 -Declipse.product=org.eclipse.jdt.ls.core.product -Dfile.encoding=utf8 -DwatchParentProcess=false -XX:+UseParallelGC -XX:GCTimeRatio=4 -XX:AdaptiveSizePolicyWeight=90 -Dsun.zip.disableMemoryMapping=true -Xmx1G -Xms100m -Xverify:none c:\Users\Jonathan\.vscode\extensions\redhat.java-0.74.0\server\plugins\org.eclipse.equinox.launcher_1.6.0.v20200915-1508.jar -configuration c:\Users\Jonathan\AppData\Roaming\Code\User\globalStorage\redhat.java\0.74.0\config_win -data c:\Users\Jonathan\AppData\Roaming\Code\User\workspaceStorage\b985290b30f870a733e2f33c3c01ce1d\redhat.java\jdt_ws

Host: Intel(R) Core(TM) i5-4200U CPU @ 1.60GHz, 4 cores, 7G,  Windows 8.1 , 64 bit Build 9600 (6.3.9600.17415)
Time: Thu Feb  4 13:53:28 2021 Hora oficial do Brasil elapsed time: 19954.107489 seconds (0d 5h 32m 34s)

---------------  T H R E A D  ---------------

Current thread (0x000000e3ee2af000):  GCTaskThread "ParGC Thread#3" [stack: 0x000000e3f0500000,0x000000e3f0600000] [id=10028]

Stack: [0x000000e3f0500000,0x000000e3f0600000],  sp=0x000000e3f05ff560,  free space=1021k
Native frames: (J=compiled Java code, j=interpreted, Vv=VM code, C=native code)
V  [jvm.dll+0x6382b0]
V  [jvm.dll+0x638d66]
V  [jvm.dll+0x63c6cf]
V  [jvm.dll+0x312f5a]
V  [jvm.dll+0x73a0d4]
V  [jvm.dll+0x5f3586]
C  [ucrtbase.DLL+0x1c1ae]
C  [KERNEL32.DLL+0x13d2]
C  [ntdll.dll+0x154e4]


siginfo: EXCEPTION_IN_PAGE_ERROR (0xc0000006), writing address 0x00000000c907c440


Register to memory mapping:

RIP=0x00007ff9d30782b0 jvm.dll
RAX=0xc04f5d50eaf03610 is an unknown value
RBX=
[error occurred during error reporting (printing register info), id 0xc0000005, EXCEPTION_ACCESS_VIOLATION (0xc0000005) at pc=0x00007ff9d3045966]

Registers:
RAX=0xc04f5d50eaf03610, RBX=0x00000000c907c410, RCX=0x00007ff9d2a40000, RDX=0x00000000c907c410
RSP=0x000000e3f05ff560, RBP=0x0000000000000007, RSI=0x000000e3ebe22100, RDI=0x00000000eaf06110
R8 =0x00000000eaf06110, R9 =0x0000000000000007, R10=0x00000000c907e400, R11=0x000000e3f05ff5d0
R12=0x000000e3ebe22128, R13=0x0000000000000001, R14=0x0000000000000001, R15=0x00000075fdbef509
RIP=0x00007ff9d30782b0, EFLAGS=0x0000000000010206

Top of Stack: (sp=0x000000e3f05ff560)
0x000000e3f05ff560:   00000000eaf06110 00000000c907c410
0x000000e3f05ff570:   000000e3ebe22100 00000000c90764cd
0x000000e3f05ff580:   00007ff900000001 00000000c9070001
0x000000e3f05ff590:   000000e3ebe22128 00007ff9d2d1d005
0x000000e3f05ff5a0:   00000000c907c410 0000000000000400
0x000000e3f05ff5b0:   00000000c9070068 00000000eafe5302
0x000000e3f05ff5c0:   00000000c907c410 0000000000000400
0x000000e3f05ff5d0:   000000e3ebe221e0 000000e3ee2af000
0x000000e3f05ff5e0:   0000000000000000 00007ff9d3311901
0x000000e3f05ff5f0:   00000000c90783b8 00007ff9d3078d66
0x000000e3f05ff600:   00000000c90776e0 00000000eafe5300
0x000000e3f05ff610:   000000e3f05ff670 000000e3ebe22100
0x000000e3f05ff620:   00015ef20000fee0 00007ff9d3005810
0x000000e3f05ff630:   000163f90000a4b7 00015ef10000fee0
0x000000e3f05ff640:   00015ef20000fee0 000163f90000a4b7
0x000000e3f05ff650:   0000000000000000 000000e3ee2af000 

Instructions: (pc=0x00007ff9d30782b0)
0x00007ff9d30781b0:   48 85 c0 0f 84 d4 00 00 00 48 8d 0d d0 9a 3e 00
0x00007ff9d30781c0:   e8 eb c0 cd ff 84 c0 0f 84 b7 00 00 00 80 3d bd
0x00007ff9d30781d0:   6e 43 00 00 74 15 8b 57 08 8b 0d f9 c1 3e 00 48
0x00007ff9d30781e0:   d3 e2 48 03 15 e7 c1 3e 00 eb 04 48 8b 57 08 45
0x00007ff9d30781f0:   8b ce c6 44 24 20 01 4d 8b c4 48 8d 0d 8f 9a 3e
0x00007ff9d3078200:   00 e8 9a bc cd ff eb 7c 48 8b 46 28 4c 8d 66 28
0x00007ff9d3078210:   49 8b cc ff 10 48 8b 15 f4 00 3d 00 48 8b 0d ed
0x00007ff9d3078220:   ee 44 00 e8 f8 03 00 00 48 85 c0 74 60 48 89 44
0x00007ff9d3078230:   24 40 48 8d 54 24 60 48 8b 05 d2 00 3d 00 49 8b
0x00007ff9d3078240:   cc 48 89 44 24 48 0f 28 44 24 40 66 0f 7f 44 24
0x00007ff9d3078250:   60 e8 5a fa ff ff 48 8b d5 49 8b cc e8 9f 02 00
0x00007ff9d3078260:   00 4c 89 64 24 30 4c 8b cd c6 44 24 28 01 4c 8b
0x00007ff9d3078270:   c7 48 8b d0 44 89 74 24 20 48 8b ce 48 8b d8 e8
0x00007ff9d3078280:   7c 1a 00 00 48 85 db 0f 85 84 fe ff ff 4d 8b c7
0x00007ff9d3078290:   c6 46 59 01 48 8b d7 48 8b ce e8 61 10 00 00 e9
0x00007ff9d30782a0:   fe 01 00 00 48 8b 47 38 48 89 43 38 48 8b 47 30
0x00007ff9d30782b0:   48 89 43 30 48 8b 47 28 48 89 43 28 48 8b 47 20
0x00007ff9d30782c0:   48 89 43 20 48 8b 47 18 48 89 43 18 48 8b 47 10
0x00007ff9d30782d0:   48 89 43 10 48 8b 47 08 48 89 43 08 48 8b 07 48
0x00007ff9d30782e0:   89 03 eb 13 4c 8d 04 ed 00 00 00 00 48 8b d7 48
0x00007ff9d30782f0:   8b cb e8 af 52 17 00 48 8b 05 a2 95 3e 00 48 8b
0x00007ff9d3078300:   cb 48 83 c9 03 4d 8b c7 48 8b d7 ff d0 49 3b c7
0x00007ff9d3078310:   0f 85 11 01 00 00 45 84 ed 75 7d 48 8b 03 f6 d0
0x00007ff9d3078320:   a8 01 74 35 48 8b 03 48 83 e0 fd 48 8b 10 48 8b
0x00007ff9d3078330:   ca 48 c1 e9 03 8b c1 83 e0 0f 3c 0f 74 0f ff c1
0x00007ff9d3078340:   48 c1 e1 03 48 33 ca 83 e1 78 48 33 d1 48 8b 03
0x00007ff9d3078350:   48 83 e0 fd 48 89 10 eb 3f 48 8b 13 48 8b ca 48
0x00007ff9d3078360:   c1 e9 03 8b c1 83 e0 0f 3c 0f 75 0a 48 89 94 24
0x00007ff9d3078370:   a8 00 00 00 eb 17 ff c1 48 c1 e1 03 48 33 ca 83
0x00007ff9d3078380:   e1 78 48 33 ca 48 89 8c 24 a8 00 00 00 48 8b 84
0x00007ff9d3078390:   24 a8 00 00 00 48 89 03 8b 86 1c 02 00 00 0f b6
0x00007ff9d30783a0:   15 ec 6c 43 00 8b 0d 2d c0 3e 00 4c 8b 05 1e c0 


Stack slot to memory mapping:
stack at sp + 0 slots: 0x00000000eaf06110 is an oop: org.eclipse.jdt.internal.compiler.lookup.PlainPackageBinding 
{0x00000000eaf06110} - klass: 'org/eclipse/jdt/internal/compiler/lookup/PlainPackageBinding'
stack at sp + 1 slots: 
[error occurred during error reporting (inspecting top of stack), id 0xc0000005, EXCEPTION_ACCESS_VIOLATION (0xc0000005) at pc=0x00007ff9d3045966]


---------------  P R O C E S S  ---------------

Threads class SMR info:
_java_thread_list=0x000000e3f21be9f0, length=24, elements={
0x000000e3d1c69800, 0x000000e3ebeed800, 0x000000e3ebef9000, 0x000000e3ed492800,
0x000000e3ebf07800, 0x000000e3ebf0a800, 0x000000e3ed4e0800, 0x000000e3ed4fd000,
0x000000e3ed5e7800, 0x000000e3ed6fe000, 0x000000e3ee848000, 0x000000e3ee3b9000,
0x000000e3ee3ba800, 0x000000e3ee437000, 0x000000e3ee5d6800, 0x000000e3ee060800,
0x000000e3ee211000, 0x000000e3ee213800, 0x000000e3ee212000, 0x000000e3f28b7800,
0x000000e3f28b4000, 0x000000e3f28b5000, 0x000000e3f28b3000, 0x000000e3f28b9000
}

Java Threads: ( => current thread )
  0x000000e3d1c69800 JavaThread "main" [_thread_blocked, id=6340, stack(0x000000e3cfbb0000,0x000000e3cfcb0000)]
  0x000000e3ebeed800 JavaThread "Reference Handler" daemon [_thread_blocked, id=7624, stack(0x000000e3ecf30000,0x000000e3ed030000)]
  0x000000e3ebef9000 JavaThread "Finalizer" daemon [_thread_blocked, id=9128, stack(0x000000e3ed030000,0x000000e3ed130000)]
  0x000000e3ed492800 JavaThread "Signal Dispatcher" daemon [_thread_blocked, id=9248, stack(0x000000e3ed850000,0x000000e3ed950000)]
  0x000000e3ebf07800 JavaThread "Attach Listener" daemon [_thread_blocked, id=9252, stack(0x000000e3ed950000,0x000000e3eda50000)]
  0x000000e3ebf0a800 JavaThread "C2 CompilerThread0" daemon [_thread_blocked, id=9256, stack(0x000000e3eda50000,0x000000e3edb50000)]
  0x000000e3ed4e0800 JavaThread "C1 CompilerThread0" daemon [_thread_blocked, id=9260, stack(0x000000e3edb50000,0x000000e3edc50000)]
  0x000000e3ed4fd000 JavaThread "Sweeper thread" daemon [_thread_blocked, id=9264, stack(0x000000e3edc50000,0x000000e3edd50000)]
  0x000000e3ed5e7800 JavaThread "Common-Cleaner" daemon [_thread_blocked, id=9316, stack(0x000000e3edd50000,0x000000e3ede50000)]
  0x000000e3ed6fe000 JavaThread "Service Thread" daemon [_thread_blocked, id=9324, stack(0x000000e3ede50000,0x000000e3edf50000)]
  0x000000e3ee848000 JavaThread "Active Thread: Equinox Container: 5a97a6b7-9192-4eaa-8cd3-d87a4c1f592e" [_thread_blocked, id=10000, stack(0x000000e3eeb50000,0x000000e3eec50000)]
  0x000000e3ee3b9000 JavaThread "Framework Event Dispatcher: Equinox Container: 5a97a6b7-9192-4eaa-8cd3-d87a4c1f592e" daemon [_thread_blocked, id=10012, stack(0x000000e3f0100000,0x000000e3f0200000)]
  0x000000e3ee3ba800 JavaThread "Start Level: Equinox Container: 5a97a6b7-9192-4eaa-8cd3-d87a4c1f592e" daemon [_thread_blocked, id=10016, stack(0x000000e3f0200000,0x000000e3f0300000)]
  0x000000e3ee437000 JavaThread "SCR Component Actor" daemon [_thread_blocked, id=10056, stack(0x000000e3f0600000,0x000000e3f0700000)]
  0x000000e3ee5d6800 JavaThread "Bundle File Closer" daemon [_thread_blocked, id=9196, stack(0x000000e3f09f0000,0x000000e3f0af0000)]
  0x000000e3ee060800 JavaThread "Worker-JM" [_thread_blocked, id=3636, stack(0x000000e3f0ff0000,0x000000e3f10f0000)]
  0x000000e3ee211000 JavaThread "Java indexing" daemon [_thread_blocked, id=6652, stack(0x000000e3f1af0000,0x000000e3f1bf0000)]
  0x000000e3ee213800 JavaThread "logback configurator timer" daemon [_thread_blocked, id=9680, stack(0x000000e3f3130000,0x000000e3f3230000)]
  0x000000e3ee212000 JavaThread "pool-2-thread-1" [_thread_blocked, id=9788, stack(0x000000e3f3630000,0x000000e3f3730000)]
  0x000000e3f28b7800 JavaThread "Worker-11" [_thread_blocked, id=9784, stack(0x000000e384590000,0x000000e384690000)]
  0x000000e3f28b4000 JavaThread "Worker-13: Validate documents" [_thread_blocked, id=7904, stack(0x000000e382330000,0x000000e382430000)]
  0x000000e3f28b5000 JavaThread "ForkJoinPool.commonPool-worker-1" daemon [_thread_blocked, id=1124, stack(0x000000e382130000,0x000000e382230000)]
  0x000000e3f28b3000 JavaThread "ForkJoinPool.commonPool-worker-3" daemon [_thread_blocked, id=10508, stack(0x000000e380800000,0x000000e380900000)]
  0x000000e3f28b9000 JavaThread "ForkJoinPool.commonPool-worker-5" daemon [_thread_blocked, id=10664, stack(0x000000e382230000,0x000000e382330000)]

Other Threads:
  0x000000e3ebe24800 VMThread "VM Thread" [stack: 0x000000e3ece30000,0x000000e3ecf30000] [id=5752]
  0x000000e3ed700800 WatcherThread [stack: 0x000000e3edf50000,0x000000e3ee050000] [id=9328]
  0x000000e3d1c7e800 GCTaskThread "ParGC Thread#0" [stack: 0x000000e3d1960000,0x000000e3d1a60000] [id=9120]
  0x000000e3ee43c000 GCTaskThread "ParGC Thread#1" [stack: 0x000000e3f0300000,0x000000e3f0400000] [id=10020]
  0x000000e3ee447800 GCTaskThread "ParGC Thread#2" [stack: 0x000000e3f0400000,0x000000e3f0500000] [id=10024]
=>0x000000e3ee2af000 GCTaskThread "ParGC Thread#3" [stack: 0x000000e3f0500000,0x000000e3f0600000] [id=10028]

Threads with active compile tasks:
C2 CompilerThread019959881 15357       4       java.net.URI::decode (379 bytes)
C1 CompilerThread019959881 15358       3       java.lang.RuntimeException::<init> (5 bytes)

VM state:at safepoint (normal execution)

VM Mutex/Monitor currently owned by a thread:  ([mutex/lock_event])
[0x000000e3d1c689f0] Threads_lock - owner thread: 0x000000e3ebe24800
[0x000000e3cfb8a6e0] Heap_lock - owner thread: 0x000000e3ee212000

Heap address: 0x00000000c0000000, size: 1024 MB, Compressed Oops mode: 32-bit
Narrow klass base: 0x0000000000000000, Narrow klass shift: 3
Compressed class space size: 1073741824 Address: 0x0000000100000000

Heap:
 PSYoungGen      total 3072K, used 3044K [0x00000000eab00000, 0x00000000eb200000, 0x0000000100000000)
  eden space 2048K, 99% used [0x00000000eab00000,0x00000000eacffff8,0x00000000ead00000)
  from space 1024K, 97% used [0x00000000eaf00000,0x00000000eaff9230,0x00000000eb000000)
  to   space 2048K, 14% used [0x00000000ead00000,0x00000000ead48000,0x00000000eaf00000)
 ParOldGen       total 168960K, used 148057K [0x00000000c0000000, 0x00000000ca500000, 0x00000000eab00000)
  object space 168960K, 87% used [0x00000000c0000000,0x00000000c9096410,0x00000000ca500000)
 Metaspace       used 77146K, capacity 80301K, committed 80600K, reserved 1122304K
  class space    used 7237K, capacity 8358K, committed 8448K, reserved 1048576K

Card table byte_map: [0x000000e3d15f0000,0x000000e3d1800000] _byte_map_base: 0x000000e3d0ff0000

Marking Bits: (ParMarkBitMap*) 0x00007ff9d34c7000
 Begin Bits: [0x000000e3e9320000, 0x000000e3ea320000)
 End Bits:   [0x000000e3ea320000, 0x000000e3eb320000)

Polling page: 0x000000e3cfcb0000

Metaspace:

Usage:
  Non-class:     70.26 MB capacity,    68.27 MB ( 97%) used,     1.83 MB (  3%) free+waste,   162.19 KB ( <1%) overhead. 
      Class:      8.16 MB capacity,     7.07 MB ( 87%) used,     1.03 MB ( 13%) free+waste,    67.38 KB ( <1%) overhead. 
       Both:     78.42 MB capacity,    75.34 MB ( 96%) used,     2.86 MB (  4%) free+waste,   229.56 KB ( <1%) overhead. 

Virtual space:
  Non-class space:       72.00 MB reserved,      70.46 MB ( 98%) committed 
      Class space:        1.00 GB reserved,       8.25 MB ( <1%) committed 
             Both:        1.07 GB reserved,      78.71 MB (  7%) committed 

Chunk freelists:
   Non-Class:  81.00 KB
       Class:  90.00 KB
        Both:  171.00 KB

MaxMetaspaceSize: 17179869184.00 GB
CompressedClassSpaceSize: 1.00 GB

CodeHeap 'non-profiled nmethods': size=120064Kb used=9648Kb max_used=9648Kb free=110415Kb
 bounds [0x000000e3e1de0000, 0x000000e3e2760000, 0x000000e3e9320000]
CodeHeap 'profiled nmethods': size=120000Kb used=33454Kb max_used=33454Kb free=86545Kb
 bounds [0x000000e3da8b0000, 0x000000e3dc980000, 0x000000e3e1de0000]
CodeHeap 'non-nmethods': size=5696Kb used=1289Kb max_used=1355Kb free=4407Kb
 bounds [0x000000e3da320000, 0x000000e3da590000, 0x000000e3da8b0000]
 total_blobs=13549 nmethods=12860 adapters=601
 compilation: enabled
              stopped_count=0, restarted_count=0
 full_count=0

Compilation events (20 events):
Event: 19805.420 Thread 0x000000e3ed4e0800 15342       3       com.google.gson.internal.bind.TypeAdapters::newFactory (11 bytes)
Event: 19806.396 Thread 0x000000e3ed4e0800 nmethod 15342 0x000000e3dc97a110 code [0x000000e3dc97a2c0, 0x000000e3dc97a4f8]
Event: 19806.397 Thread 0x000000e3ed4e0800 15343       3       com.google.gson.internal.bind.TypeAdapters$33::<init> (20 bytes)
Event: 19806.398 Thread 0x000000e3ed4e0800 nmethod 15343 0x000000e3dc97a610 code [0x000000e3dc97a7c0, 0x000000e3dc97a958]
Event: 19856.667 Thread 0x000000e3ed4e0800 15344       3       java.util.concurrent.ForkJoinPool$WorkQueue::topLevelExec (86 bytes)
Event: 19857.635 Thread 0x000000e3ed4e0800 nmethod 15344 0x000000e3dc97aa10 code [0x000000e3dc97ac20, 0x000000e3dc97b128]
Event: 19861.947 Thread 0x000000e3ebf0a800 15346       4       org.eclipse.jdt.internal.compiler.parser.Parser::consumeMethodHeader (179 bytes)
Event: 19867.735 Thread 0x000000e3ed4e0800 15349       1       org.eclipse.lsp4j.jsonrpc.json.JsonRpcMethod::getMethodName (5 bytes)
Event: 19867.762 Thread 0x000000e3ebf0a800 nmethod 15346 0x000000e3e274f090 code [0x000000e3e274f220, 0x000000e3e274f358]
Event: 19867.806 Thread 0x000000e3ebf0a800 15347       4       org.eclipse.jdt.internal.compiler.parser.Parser::consumeMethodDeclaration (297 bytes)
Event: 19867.912 Thread 0x000000e3ed4e0800 nmethod 15349 0x000000e3e274f490 code [0x000000e3e274f640, 0x000000e3e274f6f8]
Event: 19871.183 Thread 0x000000e3ebf0a800 nmethod 15347 0x000000e3e274f790 code [0x000000e3e274f960, 0x000000e3e274ff58]
Event: 19918.901 Thread 0x000000e3ed4e0800 15351       3       org.eclipse.core.resources.team.ResourceRuleFactory::parent (49 bytes)
Event: 19919.759 Thread 0x000000e3ed4e0800 nmethod 15351 0x000000e3dc97b310 code [0x000000e3dc97b4e0, 0x000000e3dc97b818]
Event: 19920.036 Thread 0x000000e3ebf0a800 15352       4       org.eclipse.core.internal.resources.Resource::isLinked (6 bytes)
Event: 19920.129 Thread 0x000000e3ebf0a800 nmethod 15352 0x000000e3e2750310 code [0x000000e3e27504a0, 0x000000e3e2750518]
Event: 19927.697 Thread 0x000000e3ed4e0800 15353       3       org.eclipse.core.internal.content.ContentTypeMatcher::getCatalog (7 bytes)
Event: 19928.094 Thread 0x000000e3ed4e0800 nmethod 15353 0x000000e3dc97b910 code [0x000000e3dc97bae0, 0x000000e3dc97bc58]
Event: 19934.430 Thread 0x000000e3ebf0a800 15357       4       java.net.URI::decode (379 bytes)
Event: 19935.768 Thread 0x000000e3ed4e0800 15358       3       java.lang.RuntimeException::<init> (5 bytes)

GC Heap History (20 events):
Event: 3081.974 GC heap after
{Heap after GC invocations=608 (full 13):
 PSYoungGen      total 2560K, used 544K [0x00000000eab00000, 0x00000000eaf00000, 0x0000000100000000)
  eden space 512K, 0% used [0x00000000eab00000,0x00000000eab00000,0x00000000eab80000)
  from space 2048K, 26% used [0x00000000eab80000,0x00000000eac08000,0x00000000ead80000)
  to   space 1536K, 0% used [0x00000000ead80000,0x00000000ead80000,0x00000000eaf00000)
 ParOldGen       total 168960K, used 139660K [0x00000000c0000000, 0x00000000ca500000, 0x00000000eab00000)
  object space 168960K, 82% used [0x00000000c0000000,0x00000000c88632d0,0x00000000ca500000)
 Metaspace       used 77075K, capacity 80237K, committed 80600K, reserved 1122304K
  class space    used 7237K, capacity 8358K, committed 8448K, reserved 1048576K
}
Event: 3081.976 GC heap before
{Heap before GC invocations=609 (full 13):
 PSYoungGen      total 2560K, used 1056K [0x00000000eab00000, 0x00000000eaf00000, 0x0000000100000000)
  eden space 512K, 100% used [0x00000000eab00000,0x00000000eab80000,0x00000000eab80000)
  from space 2048K, 26% used [0x00000000eab80000,0x00000000eac08000,0x00000000ead80000)
  to   space 1536K, 0% used [0x00000000ead80000,0x00000000ead80000,0x00000000eaf00000)
 ParOldGen       total 168960K, used 139660K [0x00000000c0000000, 0x00000000ca500000, 0x00000000eab00000)
  object space 168960K, 82% used [0x00000000c0000000,0x00000000c88632d0,0x00000000ca500000)
 Metaspace       used 77075K, capacity 80237K, committed 80600K, reserved 1122304K
  class space    used 7237K, capacity 8358K, committed 8448K, reserved 1048576K
}
Event: 3081.979 GC heap after
{Heap after GC invocations=609 (full 13):
 PSYoungGen      total 2048K, used 544K [0x00000000eab00000, 0x00000000eae80000, 0x0000000100000000)
  eden space 1024K, 0% used [0x00000000eab00000,0x00000000eab00000,0x00000000eac00000)
  from space 1024K, 53% used [0x00000000ead80000,0x00000000eae08000,0x00000000eae80000)
  to   space 1024K, 0% used [0x00000000eac80000,0x00000000eac80000,0x00000000ead80000)
 ParOldGen       total 168960K, used 140156K [0x00000000c0000000, 0x00000000ca500000, 0x00000000eab00000)
  object space 168960K, 82% used [0x00000000c0000000,0x00000000c88df2d0,0x00000000ca500000)
 Metaspace       used 77075K, capacity 80237K, committed 80600K, reserved 1122304K
  class space    used 7237K, capacity 8358K, committed 8448K, reserved 1048576K
}
Event: 3081.983 GC heap before
{Heap before GC invocations=610 (full 13):
 PSYoungGen      total 2048K, used 1568K [0x00000000eab00000, 0x00000000eae80000, 0x0000000100000000)
  eden space 1024K, 100% used [0x00000000eab00000,0x00000000eac00000,0x00000000eac00000)
  from space 1024K, 53% used [0x00000000ead80000,0x00000000eae08000,0x00000000eae80000)
  to   space 1024K, 0% used [0x00000000eac80000,0x00000000eac80000,0x00000000ead80000)
 ParOldGen       total 168960K, used 140156K [0x00000000c0000000, 0x00000000ca500000, 0x00000000eab00000)
  object space 168960K, 82% used [0x00000000c0000000,0x00000000c88df2d0,0x00000000ca500000)
 Metaspace       used 77075K, capacity 80237K, committed 80600K, reserved 1122304K
  class space    used 7237K, capacity 8358K, committed 8448K, reserved 1048576K
}
Event: 3081.986 GC heap after
{Heap after GC invocations=610 (full 13):
 PSYoungGen      total 2560K, used 1024K [0x00000000eab00000, 0x00000000eaf80000, 0x0000000100000000)
  eden space 1536K, 0% used [0x00000000eab00000,0x00000000eab00000,0x00000000eac80000)
  from space 1024K, 100% used [0x00000000eac80000,0x00000000ead80000,0x00000000ead80000)
  to   space 1536K, 0% used [0x00000000eae00000,0x00000000eae00000,0x00000000eaf80000)
 ParOldGen       total 168960K, used 140652K [0x00000000c0000000, 0x00000000ca500000, 0x00000000eab00000)
  object space 168960K, 83% used [0x00000000c0000000,0x00000000c895b2d0,0x00000000ca500000)
 Metaspace       used 77075K, capacity 80237K, committed 80600K, reserved 1122304K
  class space    used 7237K, capacity 8358K, committed 8448K, reserved 1048576K
}
Event: 3081.993 GC heap before
{Heap before GC invocations=611 (full 13):
 PSYoungGen      total 2560K, used 2560K [0x00000000eab00000, 0x00000000eaf80000, 0x0000000100000000)
  eden space 1536K, 100% used [0x00000000eab00000,0x00000000eac80000,0x00000000eac80000)
  from space 1024K, 100% used [0x00000000eac80000,0x00000000ead80000,0x00000000ead80000)
  to   space 1536K, 0% used [0x00000000eae00000,0x00000000eae00000,0x00000000eaf80000)
 ParOldGen       total 168960K, used 140652K [0x00000000c0000000, 0x00000000ca500000, 0x00000000eab00000)
  object space 168960K, 83% used [0x00000000c0000000,0x00000000c895b2d0,0x00000000ca500000)
 Metaspace       used 77075K, capacity 80237K, committed 80600K, reserved 1122304K
  class space    used 7237K, capacity 8358K, committed 8448K, reserved 1048576K
}
Event: 3081.996 GC heap after
{Heap after GC invocations=611 (full 13):
 PSYoungGen      total 3072K, used 1133K [0x00000000eab00000, 0x00000000eb000000, 0x0000000100000000)
  eden space 1536K, 0% used [0x00000000eab00000,0x00000000eab00000,0x00000000eac80000)
  from space 1536K, 73% used [0x00000000eae00000,0x00000000eaf1b4d0,0x00000000eaf80000)
  to   space 1536K, 0% used [0x00000000eac80000,0x00000000eac80000,0x00000000eae00000)
 ParOldGen       total 168960K, used 141668K [0x00000000c0000000, 0x00000000ca500000, 0x00000000eab00000)
  object space 168960K, 83% used [0x00000000c0000000,0x00000000c8a592d0,0x00000000ca500000)
 Metaspace       used 77075K, capacity 80237K, committed 80600K, reserved 1122304K
  class space    used 7237K, capacity 8358K, committed 8448K, reserved 1048576K
}
Event: 3082.003 GC heap before
{Heap before GC invocations=612 (full 13):
 PSYoungGen      total 3072K, used 2669K [0x00000000eab00000, 0x00000000eb000000, 0x0000000100000000)
  eden space 1536K, 100% used [0x00000000eab00000,0x00000000eac80000,0x00000000eac80000)
  from space 1536K, 73% used [0x00000000eae00000,0x00000000eaf1b4d0,0x00000000eaf80000)
  to   space 1536K, 0% used [0x00000000eac80000,0x00000000eac80000,0x00000000eae00000)
 ParOldGen       total 168960K, used 141668K [0x00000000c0000000, 0x00000000ca500000, 0x00000000eab00000)
  object space 168960K, 83% used [0x00000000c0000000,0x00000000c8a592d0,0x00000000ca500000)
 Metaspace       used 77075K, capacity 80237K, committed 80600K, reserved 1122304K
  class space    used 7237K, capacity 8358K, committed 8448K, reserved 1048576K
}
Event: 3082.006 GC heap after
{Heap after GC invocations=612 (full 13):
 PSYoungGen      total 3072K, used 1536K [0x00000000eab00000, 0x00000000eb300000, 0x0000000100000000)
  eden space 1536K, 0% used [0x00000000eab00000,0x00000000eab00000,0x00000000eac80000)
  from space 1536K, 100% used [0x00000000eac80000,0x00000000eae00000,0x00000000eae00000)
  to   space 3072K, 0% used [0x00000000eb000000,0x00000000eb000000,0x00000000eb300000)
 ParOldGen       total 168960K, used 142761K [0x00000000c0000000, 0x00000000ca500000, 0x00000000eab00000)
  object space 168960K, 84% used [0x00000000c0000000,0x00000000c8b6a7a0,0x00000000ca500000)
 Metaspace       used 77075K, capacity 80237K, committed 80600K, reserved 1122304K
  class space    used 7237K, capacity 8358K, committed 8448K, reserved 1048576K
}
Event: 3082.014 GC heap before
{Heap before GC invocations=613 (full 13):
 PSYoungGen      total 3072K, used 3072K [0x00000000eab00000, 0x00000000eb300000, 0x0000000100000000)
  eden space 1536K, 100% used [0x00000000eab00000,0x00000000eac80000,0x00000000eac80000)
  from space 1536K, 100% used [0x00000000eac80000,0x00000000eae00000,0x00000000eae00000)
  to   space 3072K, 0% used [0x00000000eb000000,0x00000000eb000000,0x00000000eb300000)
 ParOldGen       total 168960K, used 142761K [0x00000000c0000000, 0x00000000ca500000, 0x00000000eab00000)
  object space 168960K, 84% used [0x00000000c0000000,0x00000000c8b6a7a0,0x00000000ca500000)
 Metaspace       used 77075K, capacity 80237K, committed 80600K, reserved 1122304K
  class space    used 7237K, capacity 8358K, committed 8448K, reserved 1048576K
}
Event: 3082.020 GC heap after
{Heap after GC invocations=613 (full 13):
 PSYoungGen      total 4096K, used 1568K [0x00000000eab00000, 0x00000000eb200000, 0x0000000100000000)
  eden space 2048K, 0% used [0x00000000eab00000,0x00000000eab00000,0x00000000ead00000)
  from space 2048K, 76% used [0x00000000eb000000,0x00000000eb188000,0x00000000eb200000)
  to   space 2048K, 0% used [0x00000000eae00000,0x00000000eae00000,0x00000000eb000000)
 ParOldGen       total 168960K, used 144289K [0x00000000c0000000, 0x00000000ca500000, 0x00000000eab00000)
  object space 168960K, 85% used [0x00000000c0000000,0x00000000c8ce87a0,0x00000000ca500000)
 Metaspace       used 77075K, capacity 80237K, committed 80600K, reserved 1122304K
  class space    used 7237K, capacity 8358K, committed 8448K, reserved 1048576K
}
Event: 3089.772 GC heap before
{Heap before GC invocations=614 (full 13):
 PSYoungGen      total 4096K, used 3599K [0x00000000eab00000, 0x00000000eb200000, 0x0000000100000000)
  eden space 2048K, 99% used [0x00000000eab00000,0x00000000eacfbc88,0x00000000ead00000)
  from space 2048K, 76% used [0x00000000eb000000,0x00000000eb188000,0x00000000eb200000)
  to   space 2048K, 0% used [0x00000000eae00000,0x00000000eae00000,0x00000000eb000000)
 ParOldGen       total 168960K, used 144289K [0x00000000c0000000, 0x00000000ca500000, 0x00000000eab00000)
  object space 168960K, 85% used [0x00000000c0000000,0x00000000c8ce87a0,0x00000000ca500000)
 Metaspace       used 77077K, capacity 80237K, committed 80600K, reserved 1122304K
  class space    used 7237K, capacity 8358K, committed 8448K, reserved 1048576K
}
Event: 3089.779 GC heap after
{Heap after GC invocations=614 (full 13):
 PSYoungGen      total 3584K, used 804K [0x00000000eab00000, 0x00000000eb080000, 0x0000000100000000)
  eden space 2560K, 0% used [0x00000000eab00000,0x00000000eab00000,0x00000000ead80000)
  from space 1024K, 78% used [0x00000000eae00000,0x00000000eaec9210,0x00000000eaf00000)
  to   space 1536K, 0% used [0x00000000eaf00000,0x00000000eaf00000,0x00000000eb080000)
 ParOldGen       total 168960K, used 145825K [0x00000000c0000000, 0x00000000ca500000, 0x00000000eab00000)
  object space 168960K, 86% used [0x00000000c0000000,0x00000000c8e687a0,0x00000000ca500000)
 Metaspace       used 77077K, capacity 80237K, committed 80600K, reserved 1122304K
  class space    used 7237K, capacity 8358K, committed 8448K, reserved 1048576K
}
Event: 3089.797 GC heap before
{Heap before GC invocations=615 (full 13):
 PSYoungGen      total 3584K, used 3364K [0x00000000eab00000, 0x00000000eb080000, 0x0000000100000000)
  eden space 2560K, 100% used [0x00000000eab00000,0x00000000ead80000,0x00000000ead80000)
  from space 1024K, 78% used [0x00000000eae00000,0x00000000eaec9210,0x00000000eaf00000)
  to   space 1536K, 0% used [0x00000000eaf00000,0x00000000eaf00000,0x00000000eb080000)
 ParOldGen       total 168960K, used 145825K [0x00000000c0000000, 0x00000000ca500000, 0x00000000eab00000)
  object space 168960K, 86% used [0x00000000c0000000,0x00000000c8e687a0,0x00000000ca500000)
 Metaspace       used 77077K, capacity 80237K, committed 80600K, reserved 1122304K
  class space    used 7237K, capacity 8358K, committed 8448K, reserved 1048576K
}
Event: 3089.800 GC heap after
{Heap after GC invocations=615 (full 13):
 PSYoungGen      total 3584K, used 160K [0x00000000eab00000, 0x00000000eaf80000, 0x0000000100000000)
  eden space 3072K, 0% used [0x00000000eab00000,0x00000000eab00000,0x00000000eae00000)
  from space 512K, 31% used [0x00000000eaf00000,0x00000000eaf28000,0x00000000eaf80000)
  to   space 512K, 0% used [0x00000000eae80000,0x00000000eae80000,0x00000000eaf00000)
 ParOldGen       total 168960K, used 146574K [0x00000000c0000000, 0x00000000ca500000, 0x00000000eab00000)
  object space 168960K, 86% used [0x00000000c0000000,0x00000000c8f239c0,0x00000000ca500000)
 Metaspace       used 77077K, capacity 80237K, committed 80600K, reserved 1122304K
  class space    used 7237K, capacity 8358K, committed 8448K, reserved 1048576K
}
Event: 19840.008 GC heap before
{Heap before GC invocations=616 (full 13):
 PSYoungGen      total 3584K, used 3232K [0x00000000eab00000, 0x00000000eaf80000, 0x0000000100000000)
  eden space 3072K, 100% used [0x00000000eab00000,0x00000000eae00000,0x00000000eae00000)
  from space 512K, 31% used [0x00000000eaf00000,0x00000000eaf28000,0x00000000eaf80000)
  to   space 512K, 0% used [0x00000000eae80000,0x00000000eae80000,0x00000000eaf00000)
 ParOldGen       total 168960K, used 146574K [0x00000000c0000000, 0x00000000ca500000, 0x00000000eab00000)
  object space 168960K, 86% used [0x00000000c0000000,0x00000000c8f239c0,0x00000000ca500000)
 Metaspace       used 77144K, capacity 80301K, committed 80600K, reserved 1122304K
  class space    used 7237K, capacity 8358K, committed 8448K, reserved 1048576K
}
Event: 19855.772 GC heap after
{Heap after GC invocations=616 (full 13):
 PSYoungGen      total 3584K, used 468K [0x00000000eab00000, 0x00000000eb000000, 0x0000000100000000)
  eden space 3072K, 0% used [0x00000000eab00000,0x00000000eab00000,0x00000000eae00000)
  from space 512K, 91% used [0x00000000eae80000,0x00000000eaef5200,0x00000000eaf00000)
  to   space 1024K, 0% used [0x00000000eaf00000,0x00000000eaf00000,0x00000000eb000000)
 ParOldGen       total 168960K, used 146590K [0x00000000c0000000, 0x00000000ca500000, 0x00000000eab00000)
  object space 168960K, 86% used [0x00000000c0000000,0x00000000c8f279c0,0x00000000ca500000)
 Metaspace       used 77144K, capacity 80301K, committed 80600K, reserved 1122304K
  class space    used 7237K, capacity 8358K, committed 8448K, reserved 1048576K
}
Event: 19875.120 GC heap before
{Heap before GC invocations=617 (full 13):
 PSYoungGen      total 3584K, used 3540K [0x00000000eab00000, 0x00000000eb000000, 0x0000000100000000)
  eden space 3072K, 100% used [0x00000000eab00000,0x00000000eae00000,0x00000000eae00000)
  from space 512K, 91% used [0x00000000eae80000,0x00000000eaef5200,0x00000000eaf00000)
  to   space 1024K, 0% used [0x00000000eaf00000,0x00000000eaf00000,0x00000000eb000000)
 ParOldGen       total 168960K, used 146590K [0x00000000c0000000, 0x00000000ca500000, 0x00000000eab00000)
  object space 168960K, 86% used [0x00000000c0000000,0x00000000c8f279c0,0x00000000ca500000)
 Metaspace       used 77145K, capacity 80301K, committed 80600K, reserved 1122304K
  class space    used 7237K, capacity 8358K, committed 8448K, reserved 1048576K
}
Event: 19875.525 GC heap after
{Heap after GC invocations=617 (full 13):
 PSYoungGen      total 3072K, used 996K [0x00000000eab00000, 0x00000000eb200000, 0x0000000100000000)
  eden space 2048K, 0% used [0x00000000eab00000,0x00000000eab00000,0x00000000ead00000)
  from space 1024K, 97% used [0x00000000eaf00000,0x00000000eaff9230,0x00000000eb000000)
  to   space 2048K, 0% used [0x00000000ead00000,0x00000000ead00000,0x00000000eaf00000)
 ParOldGen       total 168960K, used 147127K [0x00000000c0000000, 0x00000000ca500000, 0x00000000eab00000)
  object space 168960K, 87% used [0x00000000c0000000,0x00000000c8faddb0,0x00000000ca500000)
 Metaspace       used 77145K, capacity 80301K, committed 80600K, reserved 1122304K
  class space    used 7237K, capacity 8358K, committed 8448K, reserved 1048576K
}
Event: 19936.268 GC heap before
{Heap before GC invocations=618 (full 13):
 PSYoungGen      total 3072K, used 3044K [0x00000000eab00000, 0x00000000eb200000, 0x0000000100000000)
  eden space 2048K, 99% used [0x00000000eab00000,0x00000000eacffff8,0x00000000ead00000)
  from space 1024K, 97% used [0x00000000eaf00000,0x00000000eaff9230,0x00000000eb000000)
  to   space 2048K, 0% used [0x00000000ead00000,0x00000000ead00000,0x00000000eaf00000)
 ParOldGen       total 168960K, used 147127K [0x00000000c0000000, 0x00000000ca500000, 0x00000000eab00000)
  object space 168960K, 87% used [0x00000000c0000000,0x00000000c8faddb0,0x00000000ca500000)
 Metaspace       used 77146K, capacity 80301K, committed 80600K, reserved 1122304K
  class space    used 7237K, capacity 8358K, committed 8448K, reserved 1048576K
}

Deoptimization events (20 events):
Event: 2950.907 Thread 0x000000e3f28b5000 Uncommon trap: trap_request=0xfffffff4 fr.pc=0x000000e3e24f9cd0 relative=0x00000000000023d0
Event: 2950.907 Thread 0x000000e3f28b5000 Uncommon trap: reason=null_check action=make_not_entrant pc=0x000000e3e24f9cd0 method=java.lang.ThreadLocal$ThreadLocalMap.getEntryAfterMiss(Ljava/lang/ThreadLocal;ILjava/lang/ThreadLocal$ThreadLocalMap$Entry;)Ljava/lang/ThreadLocal$ThreadLocalMap$Entry; 
Event: 2950.907 Thread 0x000000e3f28b5000 DEOPT PACKING pc=0x000000e3e24f9cd0 sp=0x000000e38222e020
Event: 2950.907 Thread 0x000000e3f28b5000 DEOPT UNPACKING pc=0x000000e3da346caf sp=0x000000e38222de38 mode 2
Event: 2981.331 Thread 0x000000e3f28b9000 DEOPT PACKING pc=0x000000e3db27e3df sp=0x000000e3808fdae0
Event: 2981.331 Thread 0x000000e3f28b9000 DEOPT UNPACKING pc=0x000000e3da346ace sp=0x000000e3808fcff0 mode 0
Event: 2981.425 Thread 0x000000e3f28b9000 DEOPT PACKING pc=0x000000e3db4e81db sp=0x000000e3808fdac0
Event: 2981.425 Thread 0x000000e3f28b9000 DEOPT UNPACKING pc=0x000000e3da346ace sp=0x000000e3808fcf70 mode 0
Event: 2982.411 Thread 0x000000e3f28b5000 Uncommon trap: trap_request=0xffffffc6 fr.pc=0x000000e3e23b721c relative=0x0000000000006fbc
Event: 2982.411 Thread 0x000000e3f28b5000 Uncommon trap: reason=bimorphic_or_optimized_type_check action=maybe_recompile pc=0x000000e3e23b721c method=org.eclipse.jdt.internal.compiler.lookup.BinaryTypeBinding.createMethod(Lorg/eclipse/jdt/internal/compiler/env/IBinaryMethod;Lorg/eclipse/jdt/inter
Event: 2982.411 Thread 0x000000e3f28b5000 DEOPT PACKING pc=0x000000e3e23b721c sp=0x000000e38222d880
Event: 2982.411 Thread 0x000000e3f28b5000 DEOPT UNPACKING pc=0x000000e3da346caf sp=0x000000e38222d840 mode 2
Event: 2982.848 Thread 0x000000e3f28b4000 Uncommon trap: trap_request=0xffffffc6 fr.pc=0x000000e3e23b721c relative=0x0000000000006fbc
Event: 2982.848 Thread 0x000000e3f28b4000 Uncommon trap: reason=bimorphic_or_optimized_type_check action=maybe_recompile pc=0x000000e3e23b721c method=org.eclipse.jdt.internal.compiler.lookup.BinaryTypeBinding.createMethod(Lorg/eclipse/jdt/internal/compiler/env/IBinaryMethod;Lorg/eclipse/jdt/inter
Event: 2982.848 Thread 0x000000e3f28b4000 DEOPT PACKING pc=0x000000e3e23b721c sp=0x000000e38242e660
Event: 2982.848 Thread 0x000000e3f28b4000 DEOPT UNPACKING pc=0x000000e3da346caf sp=0x000000e38242e620 mode 2
Event: 3075.426 Thread 0x000000e3f28b3000 DEOPT PACKING pc=0x000000e3dc280795 sp=0x000000e38232d2e0
Event: 3075.426 Thread 0x000000e3f28b3000 DEOPT UNPACKING pc=0x000000e3da346ace sp=0x000000e38232c788 mode 0
Event: 13835.832 Thread 0x000000e3f28b7800 DEOPT PACKING pc=0x000000e3daff9b84 sp=0x000000e38468ee80
Event: 13835.956 Thread 0x000000e3f28b7800 DEOPT UNPACKING pc=0x000000e3da346ace sp=0x000000e38468e2e0 mode 0

Classes redefined (0 events):
No events

Internal exceptions (20 events):
Event: 2857.551 Thread 0x000000e3f28b3000 Exception <a 'java/lang/ClassNotFoundException'{0x00000000eab02090}: sun/net/www/protocol/jdt/Handler> (0x00000000eab02090) thrown at [./src/hotspot/share/classfile/systemDictionary.cpp, line 231]
Event: 2857.552 Thread 0x000000e3f28b3000 Exception <a 'java/lang/ClassNotFoundException'{0x00000000eab059b0}: sun/net/www/protocol/jdt/Handler> (0x00000000eab059b0) thrown at [./src/hotspot/share/classfile/systemDictionary.cpp, line 231]
Event: 2857.910 Thread 0x000000e3f28b3000 Exception <a 'java/lang/ClassNotFoundException'{0x00000000eaddffb0}: sun/net/www/protocol/jdt/Handler> (0x00000000eaddffb0) thrown at [./src/hotspot/share/classfile/systemDictionary.cpp, line 231]
Event: 2857.910 Thread 0x000000e3f28b3000 Exception <a 'java/lang/ClassNotFoundException'{0x00000000eade2ef0}: sun/net/www/protocol/jdt/Handler> (0x00000000eade2ef0) thrown at [./src/hotspot/share/classfile/systemDictionary.cpp, line 231]
Event: 2857.910 Thread 0x000000e3f28b3000 Exception <a 'java/lang/ClassNotFoundException'{0x00000000eade5ba8}: sun/net/www/protocol/jdt/Handler> (0x00000000eade5ba8) thrown at [./src/hotspot/share/classfile/systemDictionary.cpp, line 231]
Event: 2857.910 Thread 0x000000e3f28b3000 Exception <a 'java/lang/ClassNotFoundException'{0x00000000eade8868}: sun/net/www/protocol/jdt/Handler> (0x00000000eade8868) thrown at [./src/hotspot/share/classfile/systemDictionary.cpp, line 231]
Event: 2857.910 Thread 0x000000e3f28b3000 Exception <a 'java/lang/ClassNotFoundException'{0x00000000eadecf08}: sun/net/www/protocol/jdt/Handler> (0x00000000eadecf08) thrown at [./src/hotspot/share/classfile/systemDictionary.cpp, line 231]
Event: 2908.478 Thread 0x000000e3f28b3000 Exception <a 'java/lang/ArrayIndexOutOfBoundsException'{0x00000000eab1de38}> (0x00000000eab1de38) thrown at [./src/hotspot/share/runtime/sharedRuntime.cpp, line 584]
Event: 2908.478 Thread 0x000000e3f28b3000 Exception <a 'java/lang/ArrayIndexOutOfBoundsException'{0x00000000eab1e158}> (0x00000000eab1e158) thrown at [./src/hotspot/share/runtime/sharedRuntime.cpp, line 584]
Event: 2908.478 Thread 0x000000e3f28b3000 Exception <a 'java/lang/ArrayIndexOutOfBoundsException'{0x00000000eab1e478}> (0x00000000eab1e478) thrown at [./src/hotspot/share/runtime/sharedRuntime.cpp, line 584]
Event: 2950.861 Thread 0x000000e3f28b5000 Exception <a 'java/lang/ArrayIndexOutOfBoundsException'{0x00000000eab37e78}> (0x00000000eab37e78) thrown at [./src/hotspot/share/runtime/sharedRuntime.cpp, line 584]
Event: 2950.861 Thread 0x000000e3f28b5000 Exception <a 'java/lang/ArrayIndexOutOfBoundsException'{0x00000000eab38198}> (0x00000000eab38198) thrown at [./src/hotspot/share/runtime/sharedRuntime.cpp, line 584]
Event: 2950.861 Thread 0x000000e3f28b5000 Exception <a 'java/lang/ArrayIndexOutOfBoundsException'{0x00000000eab384b8}> (0x00000000eab384b8) thrown at [./src/hotspot/share/runtime/sharedRuntime.cpp, line 584]
Event: 2950.907 Thread 0x000000e3f28b5000 Implicit null exception at 0x000000e3e24f83ea to 0x000000e3e24f9ca0
Event: 2982.407 Thread 0x000000e3f28b5000 Exception <a 'java/lang/ArrayIndexOutOfBoundsException'{0x00000000eab06f80}> (0x00000000eab06f80) thrown at [./src/hotspot/share/runtime/sharedRuntime.cpp, line 584]
Event: 2982.407 Thread 0x000000e3f28b5000 Exception <a 'java/lang/ArrayIndexOutOfBoundsException'{0x00000000eab072a0}> (0x00000000eab072a0) thrown at [./src/hotspot/share/runtime/sharedRuntime.cpp, line 584]
Event: 2982.407 Thread 0x000000e3f28b5000 Exception <a 'java/lang/ArrayIndexOutOfBoundsException'{0x00000000eab075c0}> (0x00000000eab075c0) thrown at [./src/hotspot/share/runtime/sharedRuntime.cpp, line 584]
Event: 3075.555 Thread 0x000000e3f28b3000 Exception <a 'java/lang/ArrayIndexOutOfBoundsException'{0x00000000eacc90f0}> (0x00000000eacc90f0) thrown at [./src/hotspot/share/runtime/sharedRuntime.cpp, line 584]
Event: 3075.555 Thread 0x000000e3f28b3000 Exception <a 'java/lang/ArrayIndexOutOfBoundsException'{0x00000000eacc9410}> (0x00000000eacc9410) thrown at [./src/hotspot/share/runtime/sharedRuntime.cpp, line 584]
Event: 3075.555 Thread 0x000000e3f28b3000 Exception <a 'java/lang/ArrayIndexOutOfBoundsException'{0x00000000eacc9730}> (0x00000000eacc9730) thrown at [./src/hotspot/share/runtime/sharedRuntime.cpp, line 584]

Events (20 events):
Event: 3082.020 Executing VM operation: ParallelGCFailedAllocation done
Event: 3089.772 Executing VM operation: ParallelGCFailedAllocation
Event: 3089.779 Executing VM operation: ParallelGCFailedAllocation done
Event: 3089.797 Executing VM operation: ParallelGCFailedAllocation
Event: 3089.800 Executing VM operation: ParallelGCFailedAllocation done
Event: 3190.856 Executing VM operation: RevokeBias
Event: 3190.856 Executing VM operation: RevokeBias done
Event: 3190.856 Thread 0x000000e3f28b3000 Thread exited: 0x000000e3f28b3000
Event: 3250.857 Executing VM operation: RevokeBias
Event: 3250.857 Executing VM operation: RevokeBias done
Event: 3250.857 Thread 0x000000e3f28b9000 Thread exited: 0x000000e3f28b9000
Event: 19836.269 Thread 0x000000e3f28b3000 Thread added: 0x000000e3f28b3000
Event: 19837.059 Executing VM operation: ParallelGCFailedAllocation
Event: 19855.772 Executing VM operation: ParallelGCFailedAllocation done
Event: 19856.217 Thread 0x000000e3f28b9000 Thread added: 0x000000e3f28b9000
Event: 19874.709 Executing VM operation: ParallelGCFailedAllocation
Event: 19875.543 Executing VM operation: ParallelGCFailedAllocation done
Event: 19932.907 Executing VM operation: RevokeBias
Event: 19933.582 Executing VM operation: RevokeBias done
Event: 19935.830 Executing VM operation: ParallelGCFailedAllocation


Dynamic libraries:
0x00007ff652000000 - 0x00007ff65200d000 	C:\Users\Jonathan\AppData\Local\Programs\AdoptOpenJDK\jdk-11.0.9.101-hotspot\bin\java.exe
0x00007ffa2cdb0000 - 0x00007ffa2cf5d000 	C:\Windows\SYSTEM32\ntdll.dll
0x00007ffa2a7a0000 - 0x00007ffa2a8de000 	C:\Windows\system32\KERNEL32.DLL
0x00007ffa0e720000 - 0x00007ffa0e734000 	C:\Program Files\AVAST Software\Avast\aswhook.dll
0x00007ffa2a320000 - 0x00007ffa2a435000 	C:\Windows\system32\KERNELBASE.dll
0x00007ffa06530000 - 0x00007ffa06547000 	C:\Users\Jonathan\AppData\Local\Programs\AdoptOpenJDK\jdk-11.0.9.101-hotspot\bin\jli.dll
0x00007ffa06510000 - 0x00007ffa06525000 	C:\Users\Jonathan\AppData\Local\Programs\AdoptOpenJDK\jdk-11.0.9.101-hotspot\bin\VCRUNTIME140.dll
0x00007ffa24200000 - 0x00007ffa24204000 	C:\Users\Jonathan\AppData\Local\Programs\AdoptOpenJDK\jdk-11.0.9.101-hotspot\bin\api-ms-win-crt-stdio-l1-1-0.dll
0x00007ffa13b70000 - 0x00007ffa13b74000 	C:\Users\Jonathan\AppData\Local\Programs\AdoptOpenJDK\jdk-11.0.9.101-hotspot\bin\api-ms-win-crt-runtime-l1-1-0.dll
0x00007ffa0a1c0000 - 0x00007ffa0a1c3000 	C:\Users\Jonathan\AppData\Local\Programs\AdoptOpenJDK\jdk-11.0.9.101-hotspot\bin\api-ms-win-crt-environment-l1-1-0.dll
0x00007ffa09ec0000 - 0x00007ffa09ec5000 	C:\Users\Jonathan\AppData\Local\Programs\AdoptOpenJDK\jdk-11.0.9.101-hotspot\bin\api-ms-win-crt-math-l1-1-0.dll
0x00007ffa06500000 - 0x00007ffa06503000 	C:\Users\Jonathan\AppData\Local\Programs\AdoptOpenJDK\jdk-11.0.9.101-hotspot\bin\api-ms-win-crt-locale-l1-1-0.dll
0x00007ffa064f0000 - 0x00007ffa064f3000 	C:\Users\Jonathan\AppData\Local\Programs\AdoptOpenJDK\jdk-11.0.9.101-hotspot\bin\api-ms-win-crt-heap-l1-1-0.dll
0x00007ffa273e0000 - 0x00007ffa2765a000 	C:\Windows\WinSxS\amd64_microsoft.windows.common-controls_6595b64144ccf1df_6.0.9600.17810_none_6240b9c7ecbd0bda\COMCTL32.dll
0x00007ffa2c400000 - 0x00007ffa2c577000 	C:\Windows\system32\USER32.dll
0x00007ffa064e0000 - 0x00007ffa064e3000 	C:\Users\Jonathan\AppData\Local\Programs\AdoptOpenJDK\jdk-11.0.9.101-hotspot\bin\api-ms-win-crt-filesystem-l1-1-0.dll
0x00007ffa064d0000 - 0x00007ffa064d4000 	C:\Users\Jonathan\AppData\Local\Programs\AdoptOpenJDK\jdk-11.0.9.101-hotspot\bin\api-ms-win-crt-string-l1-1-0.dll
0x00007ffa064c0000 - 0x00007ffa064c4000 	C:\Users\Jonathan\AppData\Local\Programs\AdoptOpenJDK\jdk-11.0.9.101-hotspot\bin\api-ms-win-crt-convert-l1-1-0.dll
0x00007ffa2c170000 - 0x00007ffa2c21a000 	C:\Windows\system32\msvcrt.dll
0x00007ffa2a8e0000 - 0x00007ffa2aa2f000 	C:\Windows\system32\GDI32.dll
0x00007ff9fe0b0000 - 0x00007ff9fe1aa000 	C:\Users\Jonathan\AppData\Local\Programs\AdoptOpenJDK\jdk-11.0.9.101-hotspot\bin\ucrtbase.DLL
0x00007ffa2c650000 - 0x00007ffa2c686000 	C:\Windows\system32\IMM32.DLL
0x00007ffa2cc50000 - 0x00007ffa2cda1000 	C:\Windows\system32\MSCTF.dll
0x00007ffa059c0000 - 0x00007ffa05a5b000 	C:\Users\Jonathan\AppData\Local\Programs\AdoptOpenJDK\jdk-11.0.9.101-hotspot\bin\msvcp140.dll
0x00007ffa06480000 - 0x00007ffa06483000 	C:\Users\Jonathan\AppData\Local\Programs\AdoptOpenJDK\jdk-11.0.9.101-hotspot\bin\api-ms-win-crt-time-l1-1-0.dll
0x00007ffa063e0000 - 0x00007ffa063e3000 	C:\Users\Jonathan\AppData\Local\Programs\AdoptOpenJDK\jdk-11.0.9.101-hotspot\bin\api-ms-win-crt-utility-l1-1-0.dll
0x00007ff9d2a40000 - 0x00007ff9d3583000 	C:\Users\Jonathan\AppData\Local\Programs\AdoptOpenJDK\jdk-11.0.9.101-hotspot\bin\server\jvm.dll
0x00007ffa2a680000 - 0x00007ffa2a72a000 	C:\Windows\system32\ADVAPI32.dll
0x00007ffa23910000 - 0x00007ffa23919000 	C:\Windows\SYSTEM32\WSOCK32.dll
0x00007ffa184f0000 - 0x00007ffa18512000 	C:\Windows\SYSTEM32\WINMM.dll
0x00007ffa22f50000 - 0x00007ffa22f5a000 	C:\Windows\SYSTEM32\VERSION.dll
0x00007ffa2cb00000 - 0x00007ffa2cb07000 	C:\Windows\system32\PSAPI.DLL
0x00007ffa2a440000 - 0x00007ffa2a499000 	C:\Windows\SYSTEM32\sechost.dll
0x00007ffa2cb10000 - 0x00007ffa2cc50000 	C:\Windows\system32\RPCRT4.dll
0x00007ffa2c5e0000 - 0x00007ffa2c63a000 	C:\Windows\system32\WS2_32.dll
0x00007ffa18420000 - 0x00007ffa1844a000 	C:\Windows\SYSTEM32\WINMMBASE.dll
0x00007ffa2a1f0000 - 0x00007ffa2a21e000 	C:\Windows\system32\SspiCli.dll
0x00007ffa2a670000 - 0x00007ffa2a679000 	C:\Windows\system32\NSI.dll
0x00007ffa2a2d0000 - 0x00007ffa2a31f000 	C:\Windows\SYSTEM32\cfgmgr32.dll
0x00007ffa28be0000 - 0x00007ffa28c08000 	C:\Windows\SYSTEM32\DEVOBJ.dll
0x00007ffa26280000 - 0x00007ffa26290000 	C:\Users\Jonathan\AppData\Local\Programs\AdoptOpenJDK\jdk-11.0.9.101-hotspot\bin\verify.dll
0x00007ffa22540000 - 0x00007ffa226ca000 	C:\Windows\SYSTEM32\DBGHELP.DLL
0x00007ffa25fe0000 - 0x00007ffa26008000 	C:\Users\Jonathan\AppData\Local\Programs\AdoptOpenJDK\jdk-11.0.9.101-hotspot\bin\java.dll
0x00007ffa26270000 - 0x00007ffa2627a000 	C:\Users\Jonathan\AppData\Local\Programs\AdoptOpenJDK\jdk-11.0.9.101-hotspot\bin\jimage.dll
0x00007ffa24e90000 - 0x00007ffa24ea7000 	C:\Users\Jonathan\AppData\Local\Programs\AdoptOpenJDK\jdk-11.0.9.101-hotspot\bin\zip.dll
0x00007ffa2abd0000 - 0x00007ffa2c0fb000 	C:\Windows\system32\SHELL32.dll
0x00007ffa2c750000 - 0x00007ffa2c961000 	C:\Windows\SYSTEM32\combase.dll
0x00007ffa2c100000 - 0x00007ffa2c154000 	C:\Windows\system32\SHLWAPI.dll
0x00007ffa28710000 - 0x00007ffa287c2000 	C:\Windows\SYSTEM32\SHCORE.dll
0x00007ffa29ee0000 - 0x00007ffa29ef5000 	C:\Windows\SYSTEM32\profapi.dll
0x00007ffa24e70000 - 0x00007ffa24e89000 	C:\Users\Jonathan\AppData\Local\Programs\AdoptOpenJDK\jdk-11.0.9.101-hotspot\bin\net.dll
0x00007ffa22b80000 - 0x00007ffa22c49000 	C:\Windows\SYSTEM32\WINHTTP.dll
0x00007ffa29720000 - 0x00007ffa29779000 	C:\Windows\system32\mswsock.dll
0x00007ffa245f0000 - 0x00007ffa24602000 	C:\Users\Jonathan\AppData\Local\Programs\AdoptOpenJDK\jdk-11.0.9.101-hotspot\bin\nio.dll
0x00007ffa29780000 - 0x00007ffa297a0000 	C:\Windows\SYSTEM32\CRYPTSP.dll
0x00007ffa293a0000 - 0x00007ffa293d6000 	C:\Windows\system32\rsaenh.dll
0x00007ffa29aa0000 - 0x00007ffa29ac6000 	C:\Windows\SYSTEM32\bcrypt.dll
0x00007ffa294b0000 - 0x00007ffa294d1000 	C:\Windows\SYSTEM32\USERENV.dll
0x00007ffa29db0000 - 0x00007ffa29e13000 	C:\Windows\system32\bcryptprimitives.dll
0x00007ffa29e20000 - 0x00007ffa29e2b000 	C:\Windows\SYSTEM32\CRYPTBASE.dll
0x00007ffa24210000 - 0x00007ffa2423a000 	C:\Windows\SYSTEM32\IPHLPAPI.DLL
0x00007ffa241f0000 - 0x00007ffa241fa000 	C:\Windows\SYSTEM32\WINNSI.DLL
0x00007ffa23ca0000 - 0x00007ffa23cb6000 	C:\Windows\SYSTEM32\dhcpcsvc6.DLL
0x00007ffa23eb0000 - 0x00007ffa23eca000 	C:\Windows\SYSTEM32\dhcpcsvc.DLL
0x00007ffa05ab0000 - 0x00007ffa05ada000 	C:\Users\Jonathan\AppData\Roaming\Code\User\globalStorage\redhat.java\0.74.0\config_win\org.eclipse.equinox.launcher\org.eclipse.equinox.launcher.win32.win32.x86_64_1.2.0.v20200915-1442\eclipse_11100.dll
0x00007ffa00da0000 - 0x00007ffa00db1000 	C:\Users\Jonathan\AppData\Roaming\Code\User\globalStorage\redhat.java\0.74.0\config_win\org.eclipse.osgi\23\0\.cp\jWinHttp-1.0.0.dll
0x00007ffa2aa30000 - 0x00007ffa2abc4000 	C:\Windows\system32\ole32.dll
0x00007ffa049a0000 - 0x00007ffa049ae000 	C:\Users\Jonathan\AppData\Local\Programs\AdoptOpenJDK\jdk-11.0.9.101-hotspot\bin\sunmscapi.dll
0x00007ffa2a010000 - 0x00007ffa2a1ef000 	C:\Windows\system32\CRYPT32.dll
0x00007ffa29a70000 - 0x00007ffa29a95000 	C:\Windows\SYSTEM32\ncrypt.dll
0x00007ffa29f90000 - 0x00007ffa29fa1000 	C:\Windows\system32\MSASN1.dll
0x00007ffa29a30000 - 0x00007ffa29a67000 	C:\Windows\SYSTEM32\NTASN1.dll
0x00007ffa031e0000 - 0x00007ffa03205000 	C:\Users\Jonathan\AppData\Local\Programs\AdoptOpenJDK\jdk-11.0.9.101-hotspot\bin\sunec.dll
0x00007ffa29520000 - 0x00007ffa295c4000 	C:\Windows\SYSTEM32\DNSAPI.dll
0x0000000063560000 - 0x0000000063569000 	C:\Program Files\National Instruments\Shared\mDNS Responder\nimdnsNSP.dll
0x0000000063550000 - 0x000000006355e000 	C:\Windows\SYSTEM32\nimdnsResponder.dll
0x0000000064a70000 - 0x0000000064b13000 	C:\Windows\WinSxS\amd64_microsoft.vc90.crt_1fc8b3b9a1e18e3b_9.0.30729.8387_none_08e793bfa83a89b5\MSVCR90.dll
0x00007ffa1c8d0000 - 0x00007ffa1c8da000 	C:\Windows\System32\rasadhlp.dll
0x00007ffa23d80000 - 0x00007ffa23deb000 	C:\Windows\System32\fwpuclnt.dll

dbghelp: loaded successfully - version: 4.0.5 - missing functions: none
symbol engine: initialized successfully - sym options: 0x614 - pdb path: .;C:\Users\Jonathan\AppData\Local\Programs\AdoptOpenJDK\jdk-11.0.9.101-hotspot\bin;C:\Windows\SYSTEM32;C:\Program Files\AVAST Software\Avast;C:\Windows\WinSxS\amd64_microsoft.windows.common-controls_6595b64144ccf1df_6.0.9600.17810_none_6240b9c7ecbd0bda;C:\Users\Jonathan\AppData\Local\Programs\AdoptOpenJDK\jdk-11.0.9.101-hotspot\bin\server;C:\Users\Jonathan\AppData\Roaming\Code\User\globalStorage\redhat.java\0.74.0\config_win\org.eclipse.equinox.launcher\org.eclipse.equinox.launcher.win32.win32.x86_64_1.2.0.v20200915-1442;C:\Users\Jonathan\AppData\Roaming\Code\User\globalStorage\redhat.java\0.74.0\config_win\org.eclipse.osgi\23\0\.cp;C:\Program Files\National Instruments\Shared\mDNS Responder;C:\Windows\WinSxS\amd64_microsoft.vc90.crt_1fc8b3b9a1e18e3b_9.0.30729.8387_none_08e793bfa83a89b5

VM Arguments:
jvm_args: --add-modules=ALL-SYSTEM --add-opens=java.base/java.util=ALL-UNNAMED --add-opens=java.base/java.lang=ALL-UNNAMED -Declipse.application=org.eclipse.jdt.ls.core.id1 -Dosgi.bundles.defaultStartLevel=4 -Declipse.product=org.eclipse.jdt.ls.core.product -Dfile.encoding=utf8 -DwatchParentProcess=false -XX:+UseParallelGC -XX:GCTimeRatio=4 -XX:AdaptiveSizePolicyWeight=90 -Dsun.zip.disableMemoryMapping=true -Xmx1G -Xms100m -Xverify:none 
java_command: c:\Users\Jonathan\.vscode\extensions\redhat.java-0.74.0\server\plugins\org.eclipse.equinox.launcher_1.6.0.v20200915-1508.jar -configuration c:\Users\Jonathan\AppData\Roaming\Code\User\globalStorage\redhat.java\0.74.0\config_win -data c:\Users\Jonathan\AppData\Roaming\Code\User\workspaceStorage\b985290b30f870a733e2f33c3c01ce1d\redhat.java\jdt_ws
java_class_path (initial): c:\Users\Jonathan\.vscode\extensions\redhat.java-0.74.0\server\plugins\org.eclipse.equinox.launcher_1.6.0.v20200915-1508.jar
Launcher Type: SUN_STANDARD

[Global flags]
    uintx AdaptiveSizePolicyWeight                 = 90                                        {product} {command line}
     bool BytecodeVerificationLocal                = false                                     {product} {command line}
     bool BytecodeVerificationRemote               = false                                     {product} {command line}
     intx CICompilerCount                          = 3                                         {product} {ergonomic}
    uintx GCTimeRatio                              = 4                                         {product} {command line}
   size_t InitialHeapSize                          = 104857600                                 {product} {command line}
   size_t MaxHeapSize                              = 1073741824                                {product} {command line}
   size_t MaxNewSize                               = 357564416                                 {product} {ergonomic}
   size_t MinHeapDeltaBytes                        = 524288                                    {product} {ergonomic}
   size_t NewSize                                  = 34603008                                  {product} {ergonomic}
    uintx NonNMethodCodeHeapSize                   = 5830732                                {pd product} {ergonomic}
    uintx NonProfiledCodeHeapSize                  = 122913754                              {pd product} {ergonomic}
   size_t OldSize                                  = 70254592                                  {product} {ergonomic}
    uintx ProfiledCodeHeapSize                     = 122913754                              {pd product} {ergonomic}
    uintx ReservedCodeCacheSize                    = 251658240                              {pd product} {ergonomic}
     bool SegmentedCodeCache                       = true                                      {product} {ergonomic}
     bool UseCompressedClassPointers               = true                                 {lp64_product} {ergonomic}
     bool UseCompressedOops                        = true                                 {lp64_product} {ergonomic}
     bool UseLargePagesIndividualAllocation        = false                                  {pd product} {ergonomic}
     bool UseParallelGC                            = true                                      {product} {command line}

Logging:
Log output configuration:
 #0: stdout all=warning uptime,level,tags
 #1: stderr all=off uptime,level,tags

Environment Variables:
JAVA_HOME=C:\Users\Jonathan\AppData\Local\Programs\AdoptOpenJDK\jdk-11.0.9.101-hotspot\
PATH=C:\Program Files\Common Files\Oracle\Java\javapath;C:\Program Files (x86)\NVIDIA Corporation\PhysX\Common;C:\ProgramData\Oracle\Java\javapath;C:\Windows\system32;C:\Windows;C:\Windows\System32\Wbem;C:\Windows\System32\WindowsPowerShell\v1.0\;C:\Program Files\MATLAB\R2013a\runtime\win64;C:\Program Files\MATLAB\R2013a\bin;C:\Program Files (x86)\IVI Foundation\VISA\WinNT\Bin\;C:\Program Files\IVI Foundation\VISA\Win64\Bin\;C:\Program Files (x86)\IVI Foundation\VISA\WinNT\Bin;C:\Program Files\Git\cmd;C:\Program Files\Java\jdk-10\bin;C:\Program Files\nodejs\;C:\Users\Jonathan\AppData\Local\Programs\AdoptOpenJDK\jdk-11.0.9.101-hotspot\bin;C:\Users\Jonathan\AppData\Local\Programs\Microsoft VS Code\bin;C:\Users\Jonathan\AppData\Roaming\npm
USERNAME=Jonathan
OS=Windows_NT
PROCESSOR_IDENTIFIER=Intel64 Family 6 Model 69 Stepping 1, GenuineIntel



---------------  S Y S T E M  ---------------

OS: Windows 8.1 , 64 bit Build 9600 (6.3.9600.17415)
OS uptime: 0 days 15:45 hours

CPU:total 4 (initial active 4) (2 cores per cpu, 2 threads per core) family 6 model 69 stepping 1, cmov, cx8, fxsr, mmx, sse, sse2, sse3, ssse3, sse4.1, sse4.2, popcnt, avx, avx2, aes, clmul, erms, lzcnt, ht, tsc, tscinvbit, bmi1, bmi2, fma

Memory: 4k page, system-wide physical 8075M (2636M free)
TotalPageFile size 14485M (AvailPageFile size 3345M)
current process WorkingSet (physical memory assigned to process): 143M, peak: 419M
current process commit charge ("private bytes"): 420M, peak: 463M

vm_info: OpenJDK 64-Bit Server VM (11.0.9.1+1) for windows-amd64 JRE (11.0.9.1+1), built on Nov 10 2020 15:18:49 by "" with MS VC++ 15.9 (VS2017)

END.
